#
# A fatal error has been detected by the Java Runtime Environment:
#
#  Internal Error (javaClasses.cpp:136), pid=7475, tid=140448672864000
#  fatal error: Invalid layout of preloaded class
#
# JRE version:  (7.0_45-b18) (build )
# Java VM: Java HotSpot(TM) 64-Bit Server VM (24.45-b08 mixed mode linux-amd64 compressed oops)
# Failed to write core dump. Core dumps have been disabled. To enable core dumping, try "ulimit -c unlimited" before starting Java again
#
# If you would like to submit a bug report, please visit:
#   http://bugreport.sun.com/bugreport/crash.jsp
#

---------------  T H R E A D  ---------------

Current thread (0x00007fbcb8008000):  JavaThread "Unknown thread" [_thread_in_vm, id=7480, stack(0x00007fbcc1315000,0x00007fbcc1416000)]

Stack: [0x00007fbcc1315000,0x00007fbcc1416000],  sp=0x00007fbcc14147c0,  free space=1021k
Native frames: (J=compiled Java code, j=interpreted, Vv=VM code, C=native code)
V  [libjvm.so+0x992c8a]  VMError::report_and_die()+0x2ea
V  [libjvm.so+0x493559]  report_fatal(char const*, int, char const*)+0x59
V  [libjvm.so+0x5fdd00]  compute_offset(int&, klassOopDesc*, Symbol*, Symbol*, bool)+0x140
V  [libjvm.so+0x5fe819]  java_lang_String::compute_offsets()+0x39
V  [libjvm.so+0x918f55]  SystemDictionary::initialize_preloaded_classes(Thread*)+0x1a5
V  [libjvm.so+0x967c94]  Universe::genesis(Thread*)+0x494
V  [libjvm.so+0x968149]  universe2_init()+0x29
V  [libjvm.so+0x5a969d]  init_globals()+0xbd
V  [libjvm.so+0x94ed1d]  Threads::create_vm(JavaVMInitArgs*, bool*)+0x1ed
V  [libjvm.so+0x630804]  JNI_CreateJavaVM+0x74
C  [libjli.so+0x2f8e]  JavaMain+0x9e


---------------  P R O C E S S  ---------------

Java Threads: ( => current thread )

Other Threads:

=>0x00007fbcb8008000 (exited) JavaThread "Unknown thread" [_thread_in_vm, id=7480, stack(0x00007fbcc1315000,0x00007fbcc1416000)]

VM state:not at safepoint (not fully initialized)

VM Mutex/Monitor currently owned by a thread: None

GC Heap History (0 events):
No events

Deoptimization events (0 events):
No events

Internal exceptions (0 events):
No events

Events (10 events):
Event: 0.006 loading class 0x00007fbcbc6a66f0 done
Event: 0.006 loading class 0x00007fbcbc6a6110 done
Event: 0.006 loading class 0x00007fbcbc6a60f0
Event: 0.006 loading class 0x00007fbcbc6ae1f0
Event: 0.006 loading class 0x00007fbcbc6ae1f0 done
Event: 0.006 loading class 0x00007fbcbc6ae220
Event: 0.006 loading class 0x00007fbcbc6ae220 done
Event: 0.006 loading class 0x00007fbcbc6ae250
Event: 0.006 loading class 0x00007fbcbc6ae250 done
Event: 0.006 loading class 0x00007fbcbc6a60f0 done


Dynamic libraries:
00400000-00401000 r-xp 00000000 08:01 483273                             /usr/lib/jvm/java-7-oracle/bin/java
00600000-00601000 rw-p 00000000 08:01 483273                             /usr/lib/jvm/java-7-oracle/bin/java
00eb2000-00ed3000 rw-p 00000000 00:00 0                                  [heap]
700c00000-702100000 rw-p 00000000 00:00 0 
702100000-705e00000 rw-p 00000000 00:00 0 
705e00000-710480000 rw-p 00000000 00:00 0 
710480000-7aca00000 rw-p 00000000 00:00 0 
7aca00000-7b1d80000 rw-p 00000000 00:00 0 
7b1d80000-800000000 rw-p 00000000 00:00 0 
7fbc84060000-7fbc8c000000 rw-p 00000000 00:00 0 
7fbc8c000000-7fbc8c021000 rw-p 00000000 00:00 0 
7fbc8c021000-7fbc90000000 ---p 00000000 00:00 0 
7fbc90000000-7fbc90021000 rw-p 00000000 00:00 0 
7fbc90021000-7fbc94000000 ---p 00000000 00:00 0 
7fbc94000000-7fbc94021000 rw-p 00000000 00:00 0 
7fbc94021000-7fbc98000000 ---p 00000000 00:00 0 
7fbc98000000-7fbc98021000 rw-p 00000000 00:00 0 
7fbc98021000-7fbc9c000000 ---p 00000000 00:00 0 
7fbca0000000-7fbca0021000 rw-p 00000000 00:00 0 
7fbca0021000-7fbca4000000 ---p 00000000 00:00 0 
7fbca8000000-7fbca8021000 rw-p 00000000 00:00 0 
7fbca8021000-7fbcac000000 ---p 00000000 00:00 0 
7fbcac000000-7fbcac021000 rw-p 00000000 00:00 0 
7fbcac021000-7fbcb0000000 ---p 00000000 00:00 0 
7fbcb0000000-7fbcb0021000 rw-p 00000000 00:00 0 
7fbcb0021000-7fbcb4000000 ---p 00000000 00:00 0 
7fbcb5000000-7fbcb5270000 rwxp 00000000 00:00 0 
7fbcb5270000-7fbcb805a000 rw-p 00000000 00:00 0 
7fbcb805a000-7fbcbc000000 ---p 00000000 00:00 0 
7fbcbc2fa000-7fbcbc566000 rw-p 00000000 00:00 0 
7fbcbc566000-7fbcbc630000 r--s 011ad000 00:19 18601448                   /v/filer4b/v38q001/clay/Downloads/adt-bundle-linux-x86_64-20130917/sdk/platforms/android-18/android.jar
7fbcbc630000-7fbcbcf73000 rw-p 00000000 00:00 0 
7fbcbcf73000-7fbcbcf74000 ---p 00000000 00:00 0 
7fbcbcf74000-7fbcbd074000 rw-p 00000000 00:00 0 
7fbcbd074000-7fbcbd075000 ---p 00000000 00:00 0 
7fbcbd075000-7fbcbd175000 rw-p 00000000 00:00 0 
7fbcbd175000-7fbcbd176000 ---p 00000000 00:00 0 
7fbcbd176000-7fbcbd276000 rw-p 00000000 00:00 0 
7fbcbd276000-7fbcbd277000 ---p 00000000 00:00 0 
7fbcbd277000-7fbcbd377000 rw-p 00000000 00:00 0 
7fbcbd377000-7fbcbd378000 ---p 00000000 00:00 0 
7fbcbd378000-7fbcbd478000 rw-p 00000000 00:00 0 
7fbcbd478000-7fbcbd479000 ---p 00000000 00:00 0 
7fbcbd479000-7fbcbd579000 rw-p 00000000 00:00 0 
7fbcbd579000-7fbcbd57a000 ---p 00000000 00:00 0 
7fbcbd57a000-7fbcbd67a000 rw-p 00000000 00:00 0 
7fbcbd67a000-7fbcbd67b000 ---p 00000000 00:00 0 
7fbcbd67b000-7fbcbd7cf000 rw-p 00000000 00:00 0 
7fbcbd7cf000-7fbcbdcb1000 rw-p 00000000 00:00 0 
7fbcbdcb1000-7fbcbdcbc000 rw-p 00000000 00:00 0 
7fbcbdcbc000-7fbcbdcda000 rw-p 00000000 00:00 0 
7fbcbdcda000-7fbcbdd2e000 rw-p 00000000 00:00 0 
7fbcbdd2e000-7fbcbe210000 rw-p 00000000 00:00 0 
7fbcbe210000-7fbcbe23a000 rw-p 00000000 00:00 0 
7fbcbe23a000-7fbcbe4ab000 rw-p 00000000 00:00 0 
7fbcbe4ab000-7fbcbe4ac000 rw-p 00000000 00:00 0 
7fbcbe4ac000-7fbcbe4c6000 r-xp 00000000 08:01 403423                     /usr/lib/jvm/java-7-oracle/jre/lib/amd64/libzip.so
7fbcbe4c6000-7fbcbe6c6000 ---p 0001a000 08:01 403423                     /usr/lib/jvm/java-7-oracle/jre/lib/amd64/libzip.so
7fbcbe6c6000-7fbcbe6c7000 rw-p 0001a000 08:01 403423                     /usr/lib/jvm/java-7-oracle/jre/lib/amd64/libzip.so
7fbcbe6c7000-7fbcbf097000 r--s 00000000 08:06 260859                     /var/cache/nscd/passwd
7fbcbf097000-7fbcbf0c0000 r-xp 00000000 08:01 403431                     /usr/lib/jvm/java-7-oracle/jre/lib/amd64/libjava.so
7fbcbf0c0000-7fbcbf2c0000 ---p 00029000 08:01 403431                     /usr/lib/jvm/java-7-oracle/jre/lib/amd64/libjava.so
7fbcbf2c0000-7fbcbf2c2000 rw-p 00029000 08:01 403431                     /usr/lib/jvm/java-7-oracle/jre/lib/amd64/libjava.so
7fbcbf2c2000-7fbcbf2cf000 r-xp 00000000 08:01 403429                     /usr/lib/jvm/java-7-oracle/jre/lib/amd64/libverify.so
7fbcbf2cf000-7fbcbf4ce000 ---p 0000d000 08:01 403429                     /usr/lib/jvm/java-7-oracle/jre/lib/amd64/libverify.so
7fbcbf4ce000-7fbcbf4d0000 rw-p 0000c000 08:01 403429                     /usr/lib/jvm/java-7-oracle/jre/lib/amd64/libverify.so
7fbcbf4d0000-7fbcbf4d7000 r-xp 00000000 08:01 264921                     /lib/x86_64-linux-gnu/librt-2.15.so
7fbcbf4d7000-7fbcbf6d6000 ---p 00007000 08:01 264921                     /lib/x86_64-linux-gnu/librt-2.15.so
7fbcbf6d6000-7fbcbf6d7000 r--p 00006000 08:01 264921                     /lib/x86_64-linux-gnu/librt-2.15.so
7fbcbf6d7000-7fbcbf6d8000 rw-p 00007000 08:01 264921                     /lib/x86_64-linux-gnu/librt-2.15.so
7fbcbf6d8000-7fbcbf7d3000 r-xp 00000000 08:01 264925                     /lib/x86_64-linux-gnu/libm-2.15.so
7fbcbf7d3000-7fbcbf9d2000 ---p 000fb000 08:01 264925                     /lib/x86_64-linux-gnu/libm-2.15.so
7fbcbf9d2000-7fbcbf9d3000 r--p 000fa000 08:01 264925                     /lib/x86_64-linux-gnu/libm-2.15.so
7fbcbf9d3000-7fbcbf9d4000 rw-p 000fb000 08:01 264925                     /lib/x86_64-linux-gnu/libm-2.15.so
7fbcbf9d4000-7fbcc0536000 r-xp 00000000 08:01 403415                     /usr/lib/jvm/java-7-oracle/jre/lib/amd64/server/libjvm.so
7fbcc0536000-7fbcc0736000 ---p 00b62000 08:01 403415                     /usr/lib/jvm/java-7-oracle/jre/lib/amd64/server/libjvm.so
7fbcc0736000-7fbcc07f9000 rw-p 00b62000 08:01 403415                     /usr/lib/jvm/java-7-oracle/jre/lib/amd64/server/libjvm.so
7fbcc07f9000-7fbcc083a000 rw-p 00000000 00:00 0 
7fbcc083a000-7fbcc09ef000 r-xp 00000000 08:01 262241                     /lib/x86_64-linux-gnu/libc-2.15.so
7fbcc09ef000-7fbcc0bef000 ---p 001b5000 08:01 262241                     /lib/x86_64-linux-gnu/libc-2.15.so
7fbcc0bef000-7fbcc0bf3000 r--p 001b5000 08:01 262241                     /lib/x86_64-linux-gnu/libc-2.15.so
7fbcc0bf3000-7fbcc0bf5000 rw-p 001b9000 08:01 262241                     /lib/x86_64-linux-gnu/libc-2.15.so
7fbcc0bf5000-7fbcc0bfa000 rw-p 00000000 00:00 0 
7fbcc0bfa000-7fbcc0bfc000 r-xp 00000000 08:01 264929                     /lib/x86_64-linux-gnu/libdl-2.15.so
7fbcc0bfc000-7fbcc0dfc000 ---p 00002000 08:01 264929                     /lib/x86_64-linux-gnu/libdl-2.15.so
7fbcc0dfc000-7fbcc0dfd000 r--p 00002000 08:01 264929                     /lib/x86_64-linux-gnu/libdl-2.15.so
7fbcc0dfd000-7fbcc0dfe000 rw-p 00003000 08:01 264929                     /lib/x86_64-linux-gnu/libdl-2.15.so
7fbcc0dfe000-7fbcc0e14000 r-xp 00000000 08:01 485145                     /usr/lib/jvm/java-7-oracle/lib/amd64/jli/libjli.so
7fbcc0e14000-7fbcc1014000 ---p 00016000 08:01 485145                     /usr/lib/jvm/java-7-oracle/lib/amd64/jli/libjli.so
7fbcc1014000-7fbcc1015000 rw-p 00016000 08:01 485145                     /usr/lib/jvm/java-7-oracle/lib/amd64/jli/libjli.so
7fbcc1015000-7fbcc102d000 r-xp 00000000 08:01 264923                     /lib/x86_64-linux-gnu/libpthread-2.15.so
7fbcc102d000-7fbcc122c000 ---p 00018000 08:01 264923                     /lib/x86_64-linux-gnu/libpthread-2.15.so
7fbcc122c000-7fbcc122d000 r--p 00017000 08:01 264923                     /lib/x86_64-linux-gnu/libpthread-2.15.so
7fbcc122d000-7fbcc122e000 rw-p 00018000 08:01 264923                     /lib/x86_64-linux-gnu/libpthread-2.15.so
7fbcc122e000-7fbcc1232000 rw-p 00000000 00:00 0 
7fbcc1232000-7fbcc1254000 r-xp 00000000 08:01 264926                     /lib/x86_64-linux-gnu/ld-2.15.so
7fbcc1255000-7fbcc125f000 rw-p 00000000 00:00 0 
7fbcc125f000-7fbcc1315000 rw-p 00000000 00:00 0 
7fbcc1315000-7fbcc1318000 ---p 00000000 00:00 0 
7fbcc1318000-7fbcc141a000 rw-p 00000000 00:00 0 
7fbcc141f000-7fbcc142a000 rw-p 00000000 00:00 0 
7fbcc142a000-7fbcc1448000 rw-p 00000000 00:00 0 
7fbcc1448000-7fbcc1450000 rw-s 00000000 08:08 260621                     /tmp/hsperfdata_clay/7475
7fbcc1450000-7fbcc1451000 rw-p 00000000 00:00 0 
7fbcc1451000-7fbcc1452000 r--p 00000000 00:00 0 
7fbcc1452000-7fbcc1454000 rw-p 00000000 00:00 0 
7fbcc1454000-7fbcc1455000 r--p 00022000 08:01 264926                     /lib/x86_64-linux-gnu/ld-2.15.so
7fbcc1455000-7fbcc1457000 rw-p 00023000 08:01 264926                     /lib/x86_64-linux-gnu/ld-2.15.so
7fffd0ada000-7fffd0afb000 rw-p 00000000 00:00 0                          [stack]
7fffd0bff000-7fffd0c00000 r-xp 00000000 00:00 0                          [vdso]
ffffffffff600000-ffffffffff601000 r-xp 00000000 00:00 0                  [vsyscall]

VM Arguments:
jvm_args: -Dfile.encoding=UTF-8 -Xbootclasspath:/v/filer4b/v38q001/clay/Downloads/adt-bundle-linux-x86_64-20130917/sdk/platforms/android-18/android.jar 
java_command: com.example.test.APIConnectionTest
Launcher Type: SUN_STANDARD

Environment Variables:
JAVA_HOME=/usr/lib/jvm/java-6-openjdk
PATH=/lusr/bin:/sbin:/bin:/usr/sbin:/usr/bin:/usr/games:/usr/bin/mh:/lusr/share/hosts:/lusr/bin/tex:/lusr/games/bin:/lusr/opt/condor/bin:.
SHELL=/lusr/bin/bash
DISPLAY=:0.0

Signal Handlers:
SIGSEGV: [libjvm.so+0x9935b0], sa_mask[0]=0x7ffbfeff, sa_flags=0x10000004
SIGBUS: [libjvm.so+0x9935b0], sa_mask[0]=0x7ffbfeff, sa_flags=0x10000004
SIGFPE: [libjvm.so+0x810330], sa_mask[0]=0x7ffbfeff, sa_flags=0x10000004
SIGPIPE: [libjvm.so+0x810330], sa_mask[0]=0x7ffbfeff, sa_flags=0x10000004
SIGXFSZ: [libjvm.so+0x810330], sa_mask[0]=0x7ffbfeff, sa_flags=0x10000004
SIGILL: [libjvm.so+0x810330], sa_mask[0]=0x7ffbfeff, sa_flags=0x10000004
SIGUSR1: SIG_DFL, sa_mask[0]=0x00000000, sa_flags=0x00000000
SIGUSR2: [libjvm.so+0x811820], sa_mask[0]=0x00000004, sa_flags=0x10000004
SIGHUP: SIG_DFL, sa_mask[0]=0x00000000, sa_flags=0x00000000
SIGINT: SIG_DFL, sa_mask[0]=0x00000000, sa_flags=0x00000000
SIGTERM: SIG_DFL, sa_mask[0]=0x00000000, sa_flags=0x00000000
SIGQUIT: SIG_DFL, sa_mask[0]=0x00000000, sa_flags=0x00000000


---------------  S Y S T E M  ---------------

OS:wheezy/sid

uname:Linux 3.2.0-55-generic #85-Ubuntu SMP Wed Oct 2 12:29:27 UTC 2013 x86_64
libc:glibc 2.15 NPTL 2.15 
rlimit: STACK 8192k, CORE 0k, NPROC 127903, NOFILE 4096, AS infinity
load average:0.39 0.32 0.35

/proc/meminfo:
MemTotal:       16389216 kB
MemFree:        10039268 kB
Buffers:          666404 kB
Cached:          2249192 kB
SwapCached:            0 kB
Active:          4453460 kB
Inactive:        1294180 kB
Active(anon):    2834076 kB
Inactive(anon):    43096 kB
Active(file):    1619384 kB
Inactive(file):  1251084 kB
Unevictable:         152 kB
Mlocked:             152 kB
SwapTotal:      33460220 kB
SwapFree:       33460220 kB
Dirty:               112 kB
Writeback:             0 kB
AnonPages:       2832476 kB
Mapped:           312540 kB
Shmem:             45148 kB
Slab:             253916 kB
SReclaimable:     207684 kB
SUnreclaim:        46232 kB
KernelStack:        5000 kB
PageTables:        54088 kB
NFS_Unstable:          0 kB
Bounce:                0 kB
WritebackTmp:          0 kB
CommitLimit:    41654828 kB
Committed_AS:    7097744 kB
VmallocTotal:   34359738367 kB
VmallocUsed:      150516 kB
VmallocChunk:   34359584636 kB
HardwareCorrupted:     0 kB
AnonHugePages:         0 kB
HugePages_Total:       0
HugePages_Free:        0
HugePages_Rsvd:        0
HugePages_Surp:        0
Hugepagesize:       2048 kB
DirectMap4k:      241664 kB
DirectMap2M:    16494592 kB


CPU:total 8 (4 cores per cpu, 2 threads per core) family 6 model 58 stepping 9, cmov, cx8, fxsr, mmx, sse, sse2, sse3, ssse3, sse4.1, sse4.2, popcnt, avx, aes, erms, ht, tsc, tscinvbit, tscinv

/proc/cpuinfo:
processor	: 0
vendor_id	: GenuineIntel
cpu family	: 6
model		: 58
model name	: Intel(R) Xeon(R) CPU E3-1270 V2 @ 3.50GHz
stepping	: 9
microcode	: 0x16
cpu MHz		: 3501.000
cache size	: 8192 KB
physical id	: 0
siblings	: 8
core id		: 0
cpu cores	: 4
apicid		: 0
initial apicid	: 0
fpu		: yes
fpu_exception	: yes
cpuid level	: 13
wp		: yes
flags		: fpu vme de pse tsc msr pae mce cx8 apic sep mtrr pge mca cmov pat pse36 clflush dts acpi mmx fxsr sse sse2 ss ht tm pbe syscall nx rdtscp lm constant_tsc arch_perfmon pebs bts rep_good nopl xtopology nonstop_tsc aperfmperf pni pclmulqdq dtes64 monitor ds_cpl vmx smx est tm2 ssse3 cx16 xtpr pdcm pcid sse4_1 sse4_2 x2apic popcnt tsc_deadline_timer aes xsave avx f16c rdrand lahf_lm ida arat epb xsaveopt pln pts dtherm tpr_shadow vnmi flexpriority ept vpid fsgsbase smep erms
bogomips	: 6983.85
clflush size	: 64
cache_alignment	: 64
address sizes	: 36 bits physical, 48 bits virtual
power management:

processor	: 1
vendor_id	: GenuineIntel
cpu family	: 6
model		: 58
model name	: Intel(R) Xeon(R) CPU E3-1270 V2 @ 3.50GHz
stepping	: 9
microcode	: 0x16
cpu MHz		: 1600.000
cache size	: 8192 KB
physical id	: 0
siblings	: 8
core id		: 1
cpu cores	: 4
apicid		: 2
initial apicid	: 2
fpu		: yes
fpu_exception	: yes
cpuid level	: 13
wp		: yes
flags		: fpu vme de pse tsc msr pae mce cx8 apic sep mtrr pge mca cmov pat pse36 clflush dts acpi mmx fxsr sse sse2 ss ht tm pbe syscall nx rdtscp lm constant_tsc arch_perfmon pebs bts rep_good nopl xtopology nonstop_tsc aperfmperf pni pclmulqdq dtes64 monitor ds_cpl vmx smx est tm2 ssse3 cx16 xtpr pdcm pcid sse4_1 sse4_2 x2apic popcnt tsc_deadline_timer aes xsave avx f16c rdrand lahf_lm ida arat epb xsaveopt pln pts dtherm tpr_shadow vnmi flexpriority ept vpid fsgsbase smep erms
bogomips	: 6984.08
clflush size	: 64
cache_alignment	: 64
address sizes	: 36 bits physical, 48 bits virtual
power management:

processor	: 2
vendor_id	: GenuineIntel
cpu family	: 6
model		: 58
model name	: Intel(R) Xeon(R) CPU E3-1270 V2 @ 3.50GHz
stepping	: 9
microcode	: 0x16
cpu MHz		: 1600.000
cache size	: 8192 KB
physical id	: 0
siblings	: 8
core id		: 2
cpu cores	: 4
apicid		: 4
initial apicid	: 4
fpu		: yes
fpu_exception	: yes
cpuid level	: 13
wp		: yes
flags		: fpu vme de pse tsc msr pae mce cx8 apic sep mtrr pge mca cmov pat pse36 clflush dts acpi mmx fxsr sse sse2 ss ht tm pbe syscall nx rdtscp lm constant_tsc arch_perfmon pebs bts rep_good nopl xtopology nonstop_tsc aperfmperf pni pclmulqdq dtes64 monitor ds_cpl vmx smx est tm2 ssse3 cx16 xtpr pdcm pcid sse4_1 sse4_2 x2apic popcnt tsc_deadline_timer aes xsave avx f16c rdrand lahf_lm ida arat epb xsaveopt pln pts dtherm tpr_shadow vnmi flexpriority ept vpid fsgsbase smep erms
bogomips	: 6984.09
clflush size	: 64
cache_alignment	: 64
address sizes	: 36 bits physical, 48 bits virtual
power management:

processor	: 3
vendor_id	: GenuineIntel
cpu family	: 6
model		: 58
model name	: Intel(R) Xeon(R) CPU E3-1270 V2 @ 3.50GHz
stepping	: 9
microcode	: 0x16
cpu MHz		: 3501.000
cache size	: 8192 KB
physical id	: 0
siblings	: 8
core id		: 3
cpu cores	: 4
apicid		: 6
initial apicid	: 6
fpu		: yes
fpu_exception	: yes
cpuid level	: 13
wp		: yes
flags		: fpu vme de pse tsc msr pae mce cx8 apic sep mtrr pge mca cmov pat pse36 clflush dts acpi mmx fxsr sse sse2 ss ht tm pbe syscall nx rdtscp lm constant_tsc arch_perfmon pebs bts rep_good nopl xtopology nonstop_tsc aperfmperf pni pclmulqdq dtes64 monitor ds_cpl vmx smx est tm2 ssse3 cx16 xtpr pdcm pcid sse4_1 sse4_2 x2apic popcnt tsc_deadline_timer aes xsave avx f16c rdrand lahf_lm ida arat epb xsaveopt pln pts dtherm tpr_shadow vnmi flexpriority ept vpid fsgsbase smep erms
bogomips	: 6984.08
clflush size	: 64
cache_alignment	: 64
address sizes	: 36 bits physical, 48 bits virtual
power management:

processor	: 4
vendor_id	: GenuineIntel
cpu family	: 6
model		: 58
model name	: Intel(R) Xeon(R) CPU E3-1270 V2 @ 3.50GHz
stepping	: 9
microcode	: 0x16
cpu MHz		: 3501.000
cache size	: 8192 KB
physical id	: 0
siblings	: 8
core id		: 0
cpu cores	: 4
apicid		: 1
initial apicid	: 1
fpu		: yes
fpu_exception	: yes
cpuid level	: 13
wp		: yes
flags		: fpu vme de pse tsc msr pae mce cx8 apic sep mtrr pge mca cmov pat pse36 clflush dts acpi mmx fxsr sse sse2 ss ht tm pbe syscall nx rdtscp lm constant_tsc arch_perfmon pebs bts rep_good nopl xtopology nonstop_tsc aperfmperf pni pclmulqdq dtes64 monitor ds_cpl vmx smx est tm2 ssse3 cx16 xtpr pdcm pcid sse4_1 sse4_2 x2apic popcnt tsc_deadline_timer aes xsave avx f16c rdrand lahf_lm ida arat epb xsaveopt pln pts dtherm tpr_shadow vnmi flexpriority ept vpid fsgsbase smep erms
bogomips	: 6984.08
clflush size	: 64
cache_alignment	: 64
address sizes	: 36 bits physical, 48 bits virtual
power management:

processor	: 5
vendor_id	: GenuineIntel
cpu family	: 6
model		: 58
model name	: Intel(R) Xeon(R) CPU E3-1270 V2 @ 3.50GHz
stepping	: 9
microcode	: 0x16
cpu MHz		: 3501.000
cache size	: 8192 KB
physical id	: 0
siblings	: 8
core id		: 1
cpu cores	: 4
apicid		: 3
initial apicid	: 3
fpu		: yes
fpu_exception	: yes
cpuid level	: 13
wp		: yes
flags		: fpu vme de pse tsc msr pae mce cx8 apic sep mtrr pge mca cmov pat pse36 clflush dts acpi mmx fxsr sse sse2 ss ht tm pbe syscall nx rdtscp lm constant_tsc arch_perfmon pebs bts rep_good nopl xtopology nonstop_tsc aperfmperf pni pclmulqdq dtes64 monitor ds_cpl vmx smx est tm2 ssse3 cx16 xtpr pdcm pcid sse4_1 sse4_2 x2apic popcnt tsc_deadline_timer aes xsave avx f16c rdrand lahf_lm ida arat epb xsaveopt pln pts dtherm tpr_shadow vnmi flexpriority ept vpid fsgsbase smep erms
bogomips	: 6984.09
clflush size	: 64
cache_alignment	: 64
address sizes	: 36 bits physical, 48 bits virtual
power management:

processor	: 6
vendor_id	: GenuineIntel
cpu family	: 6
model		: 58
model name	: Intel(R) Xeon(R) CPU E3-1270 V2 @ 3.50GHz
stepping	: 9
microcode	: 0x16
cpu MHz		: 3501.000
cache size	: 8192 KB
physical id	: 0
siblings	: 8
core id		: 2
cpu cores	: 4
apicid		: 5
initial apicid	: 5
fpu		: yes
fpu_exception	: yes
cpuid level	: 13
wp		: yes
flags		: fpu vme de pse tsc msr pae mce cx8 apic sep mtrr pge mca cmov pat pse36 clflush dts acpi mmx fxsr sse sse2 ss ht tm pbe syscall nx rdtscp lm constant_tsc arch_perfmon pebs bts rep_good nopl xtopology nonstop_tsc aperfmperf pni pclmulqdq dtes64 monitor ds_cpl vmx smx est tm2 ssse3 cx16 xtpr pdcm pcid sse4_1 sse4_2 x2apic popcnt tsc_deadline_timer aes xsave avx f16c rdrand lahf_lm ida arat epb xsaveopt pln pts dtherm tpr_shadow vnmi flexpriority ept vpid fsgsbase smep erms
bogomips	: 6984.09
clflush size	: 64
cache_alignment	: 64
address sizes	: 36 bits physical, 48 bits virtual
power management:

processor	: 7
vendor_id	: GenuineIntel
cpu family	: 6
model		: 58
model name	: Intel(R) Xeon(R) CPU E3-1270 V2 @ 3.50GHz
stepping	: 9
microcode	: 0x16
cpu MHz		: 1600.000
cache size	: 8192 KB
physical id	: 0
siblings	: 8
core id		: 3
cpu cores	: 4
apicid		: 7
initial apicid	: 7
fpu		: yes
fpu_exception	: yes
cpuid level	: 13
wp		: yes
flags		: fpu vme de pse tsc msr pae mce cx8 apic sep mtrr pge mca cmov pat pse36 clflush dts acpi mmx fxsr sse sse2 ss ht tm pbe syscall nx rdtscp lm constant_tsc arch_perfmon pebs bts rep_good nopl xtopology nonstop_tsc aperfmperf pni pclmulqdq dtes64 monitor ds_cpl vmx smx est tm2 ssse3 cx16 xtpr pdcm pcid sse4_1 sse4_2 x2apic popcnt tsc_deadline_timer aes xsave avx f16c rdrand lahf_lm ida arat epb xsaveopt pln pts dtherm tpr_shadow vnmi flexpriority ept vpid fsgsbase smep erms
bogomips	: 6984.08
clflush size	: 64
cache_alignment	: 64
address sizes	: 36 bits physical, 48 bits virtual
power management:



Memory: 4k page, physical 16389216k(10039268k free), swap 33460220k(33460220k free)

vm_info: Java HotSpot(TM) 64-Bit Server VM (24.45-b08) for linux-amd64 JRE (1.7.0_45-b18), built on Oct  8 2013 05:44:25 by "java_re" with gcc 4.3.0 20080428 (Red Hat 4.3.0-8)

time: Sat Nov  2 21:51:16 2013
elapsed time: 0 seconds

