#
# A fatal error has been detected by the Java Runtime Environment:
#
#  Internal Error (javaClasses.cpp:136), pid=7432, tid=140575685310208
#  fatal error: Invalid layout of preloaded class
#
# JRE version:  (7.0_45-b18) (build )
# Java VM: Java HotSpot(TM) 64-Bit Server VM (24.45-b08 mixed mode linux-amd64 compressed oops)
# Failed to write core dump. Core dumps have been disabled. To enable core dumping, try "ulimit -c unlimited" before starting Java again
#
# If you would like to submit a bug report, please visit:
#   http://bugreport.sun.com/bugreport/crash.jsp
#

---------------  T H R E A D  ---------------

Current thread (0x00007fda4c008000):  JavaThread "Unknown thread" [_thread_in_vm, id=7437, stack(0x00007fda53b97000,0x00007fda53c98000)]

Stack: [0x00007fda53b97000,0x00007fda53c98000],  sp=0x00007fda53c967c0,  free space=1021k
Native frames: (J=compiled Java code, j=interpreted, Vv=VM code, C=native code)
V  [libjvm.so+0x992c8a]  VMError::report_and_die()+0x2ea
V  [libjvm.so+0x493559]  report_fatal(char const*, int, char const*)+0x59
V  [libjvm.so+0x5fdd00]  compute_offset(int&, klassOopDesc*, Symbol*, Symbol*, bool)+0x140
V  [libjvm.so+0x5fe819]  java_lang_String::compute_offsets()+0x39
V  [libjvm.so+0x918f55]  SystemDictionary::initialize_preloaded_classes(Thread*)+0x1a5
V  [libjvm.so+0x967c94]  Universe::genesis(Thread*)+0x494
V  [libjvm.so+0x968149]  universe2_init()+0x29
V  [libjvm.so+0x5a969d]  init_globals()+0xbd
V  [libjvm.so+0x94ed1d]  Threads::create_vm(JavaVMInitArgs*, bool*)+0x1ed
V  [libjvm.so+0x630804]  JNI_CreateJavaVM+0x74
C  [libjli.so+0x2f8e]  JavaMain+0x9e


---------------  P R O C E S S  ---------------

Java Threads: ( => current thread )

Other Threads:

=>0x00007fda4c008000 (exited) JavaThread "Unknown thread" [_thread_in_vm, id=7437, stack(0x00007fda53b97000,0x00007fda53c98000)]

VM state:not at safepoint (not fully initialized)

VM Mutex/Monitor currently owned by a thread: None

GC Heap History (0 events):
No events

Deoptimization events (0 events):
No events

Internal exceptions (0 events):
No events

Events (10 events):
Event: 0.006 loading class 0x00007fda4871c6f0 done
Event: 0.006 loading class 0x00007fda4871c110 done
Event: 0.006 loading class 0x00007fda4871c0f0
Event: 0.006 loading class 0x00007fda487241f0
Event: 0.006 loading class 0x00007fda487241f0 done
Event: 0.006 loading class 0x00007fda48724220
Event: 0.006 loading class 0x00007fda48724220 done
Event: 0.006 loading class 0x00007fda48724250
Event: 0.006 loading class 0x00007fda48724250 done
Event: 0.006 loading class 0x00007fda4871c0f0 done


Dynamic libraries:
00400000-00401000 r-xp 00000000 08:01 483273                             /usr/lib/jvm/java-7-oracle/bin/java
00600000-00601000 rw-p 00000000 08:01 483273                             /usr/lib/jvm/java-7-oracle/bin/java
01faf000-01fd0000 rw-p 00000000 00:00 0                                  [heap]
700c00000-702100000 rw-p 00000000 00:00 0 
702100000-705e00000 rw-p 00000000 00:00 0 
705e00000-710480000 rw-p 00000000 00:00 0 
710480000-7aca00000 rw-p 00000000 00:00 0 
7aca00000-7b1d80000 rw-p 00000000 00:00 0 
7b1d80000-800000000 rw-p 00000000 00:00 0 
7fda04060000-7fda0c000000 rw-p 00000000 00:00 0 
7fda0c000000-7fda0c021000 rw-p 00000000 00:00 0 
7fda0c021000-7fda10000000 ---p 00000000 00:00 0 
7fda14000000-7fda14021000 rw-p 00000000 00:00 0 
7fda14021000-7fda18000000 ---p 00000000 00:00 0 
7fda1c000000-7fda1c021000 rw-p 00000000 00:00 0 
7fda1c021000-7fda20000000 ---p 00000000 00:00 0 
7fda24000000-7fda24021000 rw-p 00000000 00:00 0 
7fda24021000-7fda28000000 ---p 00000000 00:00 0 
7fda2c000000-7fda2c021000 rw-p 00000000 00:00 0 
7fda2c021000-7fda30000000 ---p 00000000 00:00 0 
7fda34000000-7fda34021000 rw-p 00000000 00:00 0 
7fda34021000-7fda38000000 ---p 00000000 00:00 0 
7fda3c000000-7fda3c021000 rw-p 00000000 00:00 0 
7fda3c021000-7fda40000000 ---p 00000000 00:00 0 
7fda43806000-7fda44000000 rw-p 00000000 00:00 0 
7fda44000000-7fda44021000 rw-p 00000000 00:00 0 
7fda44021000-7fda48000000 ---p 00000000 00:00 0 
7fda48370000-7fda485dc000 rw-p 00000000 00:00 0 
7fda485dc000-7fda486a6000 r--s 011ad000 00:19 18601448                   /v/filer4b/v38q001/clay/Downloads/adt-bundle-linux-x86_64-20130917/sdk/platforms/android-18/android.jar
7fda486a6000-7fda487c7000 rw-p 00000000 00:00 0 
7fda487c7000-7fda487c8000 ---p 00000000 00:00 0 
7fda487c8000-7fda488c8000 rw-p 00000000 00:00 0 
7fda488c8000-7fda488c9000 ---p 00000000 00:00 0 
7fda488c9000-7fda489c9000 rw-p 00000000 00:00 0 
7fda489c9000-7fda489ca000 ---p 00000000 00:00 0 
7fda489ca000-7fda48b1e000 rw-p 00000000 00:00 0 
7fda48b1e000-7fda49000000 rw-p 00000000 00:00 0 
7fda49000000-7fda49270000 rwxp 00000000 00:00 0 
7fda49270000-7fda4c05a000 rw-p 00000000 00:00 0 
7fda4c05a000-7fda50000000 ---p 00000000 00:00 0 
7fda50006000-7fda5002e000 rw-p 00000000 00:00 0 
7fda5002e000-7fda5002f000 ---p 00000000 00:00 0 
7fda5002f000-7fda5012f000 rw-p 00000000 00:00 0 
7fda5012f000-7fda50130000 ---p 00000000 00:00 0 
7fda50130000-7fda50230000 rw-p 00000000 00:00 0 
7fda50230000-7fda50231000 ---p 00000000 00:00 0 
7fda50231000-7fda50331000 rw-p 00000000 00:00 0 
7fda50331000-7fda50332000 ---p 00000000 00:00 0 
7fda50332000-7fda50432000 rw-p 00000000 00:00 0 
7fda50432000-7fda50433000 ---p 00000000 00:00 0 
7fda50433000-7fda5053e000 rw-p 00000000 00:00 0 
7fda5053e000-7fda5055c000 rw-p 00000000 00:00 0 
7fda5055c000-7fda505b0000 rw-p 00000000 00:00 0 
7fda505b0000-7fda50a92000 rw-p 00000000 00:00 0 
7fda50a92000-7fda50abc000 rw-p 00000000 00:00 0 
7fda50abc000-7fda50d2d000 rw-p 00000000 00:00 0 
7fda50d2d000-7fda50d2e000 rw-p 00000000 00:00 0 
7fda50d2e000-7fda50d48000 r-xp 00000000 08:01 403423                     /usr/lib/jvm/java-7-oracle/jre/lib/amd64/libzip.so
7fda50d48000-7fda50f48000 ---p 0001a000 08:01 403423                     /usr/lib/jvm/java-7-oracle/jre/lib/amd64/libzip.so
7fda50f48000-7fda50f49000 rw-p 0001a000 08:01 403423                     /usr/lib/jvm/java-7-oracle/jre/lib/amd64/libzip.so
7fda50f49000-7fda51919000 r--s 00000000 08:06 260859                     /var/cache/nscd/passwd
7fda51919000-7fda51942000 r-xp 00000000 08:01 403431                     /usr/lib/jvm/java-7-oracle/jre/lib/amd64/libjava.so
7fda51942000-7fda51b42000 ---p 00029000 08:01 403431                     /usr/lib/jvm/java-7-oracle/jre/lib/amd64/libjava.so
7fda51b42000-7fda51b44000 rw-p 00029000 08:01 403431                     /usr/lib/jvm/java-7-oracle/jre/lib/amd64/libjava.so
7fda51b44000-7fda51b51000 r-xp 00000000 08:01 403429                     /usr/lib/jvm/java-7-oracle/jre/lib/amd64/libverify.so
7fda51b51000-7fda51d50000 ---p 0000d000 08:01 403429                     /usr/lib/jvm/java-7-oracle/jre/lib/amd64/libverify.so
7fda51d50000-7fda51d52000 rw-p 0000c000 08:01 403429                     /usr/lib/jvm/java-7-oracle/jre/lib/amd64/libverify.so
7fda51d52000-7fda51d59000 r-xp 00000000 08:01 264921                     /lib/x86_64-linux-gnu/librt-2.15.so
7fda51d59000-7fda51f58000 ---p 00007000 08:01 264921                     /lib/x86_64-linux-gnu/librt-2.15.so
7fda51f58000-7fda51f59000 r--p 00006000 08:01 264921                     /lib/x86_64-linux-gnu/librt-2.15.so
7fda51f59000-7fda51f5a000 rw-p 00007000 08:01 264921                     /lib/x86_64-linux-gnu/librt-2.15.so
7fda51f5a000-7fda52055000 r-xp 00000000 08:01 264925                     /lib/x86_64-linux-gnu/libm-2.15.so
7fda52055000-7fda52254000 ---p 000fb000 08:01 264925                     /lib/x86_64-linux-gnu/libm-2.15.so
7fda52254000-7fda52255000 r--p 000fa000 08:01 264925                     /lib/x86_64-linux-gnu/libm-2.15.so
7fda52255000-7fda52256000 rw-p 000fb000 08:01 264925                     /lib/x86_64-linux-gnu/libm-2.15.so
7fda52256000-7fda52db8000 r-xp 00000000 08:01 403415                     /usr/lib/jvm/java-7-oracle/jre/lib/amd64/server/libjvm.so
7fda52db8000-7fda52fb8000 ---p 00b62000 08:01 403415                     /usr/lib/jvm/java-7-oracle/jre/lib/amd64/server/libjvm.so
7fda52fb8000-7fda5307b000 rw-p 00b62000 08:01 403415                     /usr/lib/jvm/java-7-oracle/jre/lib/amd64/server/libjvm.so
7fda5307b000-7fda530bc000 rw-p 00000000 00:00 0 
7fda530bc000-7fda53271000 r-xp 00000000 08:01 262241                     /lib/x86_64-linux-gnu/libc-2.15.so
7fda53271000-7fda53471000 ---p 001b5000 08:01 262241                     /lib/x86_64-linux-gnu/libc-2.15.so
7fda53471000-7fda53475000 r--p 001b5000 08:01 262241                     /lib/x86_64-linux-gnu/libc-2.15.so
7fda53475000-7fda53477000 rw-p 001b9000 08:01 262241                     /lib/x86_64-linux-gnu/libc-2.15.so
7fda53477000-7fda5347c000 rw-p 00000000 00:00 0 
7fda5347c000-7fda5347e000 r-xp 00000000 08:01 264929                     /lib/x86_64-linux-gnu/libdl-2.15.so
7fda5347e000-7fda5367e000 ---p 00002000 08:01 264929                     /lib/x86_64-linux-gnu/libdl-2.15.so
7fda5367e000-7fda5367f000 r--p 00002000 08:01 264929                     /lib/x86_64-linux-gnu/libdl-2.15.so
7fda5367f000-7fda53680000 rw-p 00003000 08:01 264929                     /lib/x86_64-linux-gnu/libdl-2.15.so
7fda53680000-7fda53696000 r-xp 00000000 08:01 485145                     /usr/lib/jvm/java-7-oracle/lib/amd64/jli/libjli.so
7fda53696000-7fda53896000 ---p 00016000 08:01 485145                     /usr/lib/jvm/java-7-oracle/lib/amd64/jli/libjli.so
7fda53896000-7fda53897000 rw-p 00016000 08:01 485145                     /usr/lib/jvm/java-7-oracle/lib/amd64/jli/libjli.so
7fda53897000-7fda538af000 r-xp 00000000 08:01 264923                     /lib/x86_64-linux-gnu/libpthread-2.15.so
7fda538af000-7fda53aae000 ---p 00018000 08:01 264923                     /lib/x86_64-linux-gnu/libpthread-2.15.so
7fda53aae000-7fda53aaf000 r--p 00017000 08:01 264923                     /lib/x86_64-linux-gnu/libpthread-2.15.so
7fda53aaf000-7fda53ab0000 rw-p 00018000 08:01 264923                     /lib/x86_64-linux-gnu/libpthread-2.15.so
7fda53ab0000-7fda53ab4000 rw-p 00000000 00:00 0 
7fda53ab4000-7fda53ad6000 r-xp 00000000 08:01 264926                     /lib/x86_64-linux-gnu/ld-2.15.so
7fda53ad7000-7fda53ae1000 rw-p 00000000 00:00 0 
7fda53ae1000-7fda53b97000 rw-p 00000000 00:00 0 
7fda53b97000-7fda53b9a000 ---p 00000000 00:00 0 
7fda53b9a000-7fda53c9c000 rw-p 00000000 00:00 0 
7fda53ca1000-7fda53cac000 rw-p 00000000 00:00 0 
7fda53cac000-7fda53cca000 rw-p 00000000 00:00 0 
7fda53cca000-7fda53cd2000 rw-s 00000000 08:08 260621                     /tmp/hsperfdata_clay/7432
7fda53cd2000-7fda53cd3000 rw-p 00000000 00:00 0 
7fda53cd3000-7fda53cd4000 r--p 00000000 00:00 0 
7fda53cd4000-7fda53cd6000 rw-p 00000000 00:00 0 
7fda53cd6000-7fda53cd7000 r--p 00022000 08:01 264926                     /lib/x86_64-linux-gnu/ld-2.15.so
7fda53cd7000-7fda53cd9000 rw-p 00023000 08:01 264926                     /lib/x86_64-linux-gnu/ld-2.15.so
7fff51a56000-7fff51a77000 rw-p 00000000 00:00 0                          [stack]
7fff51b62000-7fff51b63000 r-xp 00000000 00:00 0                          [vdso]
ffffffffff600000-ffffffffff601000 r-xp 00000000 00:00 0                  [vsyscall]

VM Arguments:
jvm_args: -Dfile.encoding=UTF-8 -Xbootclasspath:/v/filer4b/v38q001/clay/Downloads/adt-bundle-linux-x86_64-20130917/sdk/platforms/android-18/android.jar 
java_command: com.example.test.APIConnectionTest
Launcher Type: SUN_STANDARD

Environment Variables:
JAVA_HOME=/usr/lib/jvm/java-6-openjdk
PATH=/lusr/bin:/sbin:/bin:/usr/sbin:/usr/bin:/usr/games:/usr/bin/mh:/lusr/share/hosts:/lusr/bin/tex:/lusr/games/bin:/lusr/opt/condor/bin:.
SHELL=/lusr/bin/bash
DISPLAY=:0.0

Signal Handlers:
SIGSEGV: [libjvm.so+0x9935b0], sa_mask[0]=0x7ffbfeff, sa_flags=0x10000004
SIGBUS: [libjvm.so+0x9935b0], sa_mask[0]=0x7ffbfeff, sa_flags=0x10000004
SIGFPE: [libjvm.so+0x810330], sa_mask[0]=0x7ffbfeff, sa_flags=0x10000004
SIGPIPE: [libjvm.so+0x810330], sa_mask[0]=0x7ffbfeff, sa_flags=0x10000004
SIGXFSZ: [libjvm.so+0x810330], sa_mask[0]=0x7ffbfeff, sa_flags=0x10000004
SIGILL: [libjvm.so+0x810330], sa_mask[0]=0x7ffbfeff, sa_flags=0x10000004
SIGUSR1: SIG_DFL, sa_mask[0]=0x00000000, sa_flags=0x00000000
SIGUSR2: [libjvm.so+0x811820], sa_mask[0]=0x00000004, sa_flags=0x10000004
SIGHUP: SIG_DFL, sa_mask[0]=0x00000000, sa_flags=0x00000000
SIGINT: SIG_DFL, sa_mask[0]=0x00000000, sa_flags=0x00000000
SIGTERM: SIG_DFL, sa_mask[0]=0x00000000, sa_flags=0x00000000
SIGQUIT: SIG_DFL, sa_mask[0]=0x00000000, sa_flags=0x00000000


---------------  S Y S T E M  ---------------

OS:wheezy/sid

uname:Linux 3.2.0-55-generic #85-Ubuntu SMP Wed Oct 2 12:29:27 UTC 2013 x86_64
libc:glibc 2.15 NPTL 2.15 
rlimit: STACK 8192k, CORE 0k, NPROC 127903, NOFILE 4096, AS infinity
load average:0.37 0.31 0.35

/proc/meminfo:
MemTotal:       16389216 kB
MemFree:        10043212 kB
Buffers:          666404 kB
Cached:          2249140 kB
SwapCached:            0 kB
Active:          4450372 kB
Inactive:        1294140 kB
Active(anon):    2831004 kB
Inactive(anon):    43096 kB
Active(file):    1619368 kB
Inactive(file):  1251044 kB
Unevictable:         152 kB
Mlocked:             152 kB
SwapTotal:      33460220 kB
SwapFree:       33460220 kB
Dirty:               196 kB
Writeback:             0 kB
AnonPages:       2829528 kB
Mapped:           312540 kB
Shmem:             45148 kB
Slab:             253796 kB
SReclaimable:     207712 kB
SUnreclaim:        46084 kB
KernelStack:        4984 kB
PageTables:        54084 kB
NFS_Unstable:          0 kB
Bounce:                0 kB
WritebackTmp:          0 kB
CommitLimit:    41654828 kB
Committed_AS:    7096336 kB
VmallocTotal:   34359738367 kB
VmallocUsed:      150516 kB
VmallocChunk:   34359584636 kB
HardwareCorrupted:     0 kB
AnonHugePages:         0 kB
HugePages_Total:       0
HugePages_Free:        0
HugePages_Rsvd:        0
HugePages_Surp:        0
Hugepagesize:       2048 kB
DirectMap4k:      241664 kB
DirectMap2M:    16494592 kB


CPU:total 8 (4 cores per cpu, 2 threads per core) family 6 model 58 stepping 9, cmov, cx8, fxsr, mmx, sse, sse2, sse3, ssse3, sse4.1, sse4.2, popcnt, avx, aes, erms, ht, tsc, tscinvbit, tscinv

/proc/cpuinfo:
processor	: 0
vendor_id	: GenuineIntel
cpu family	: 6
model		: 58
model name	: Intel(R) Xeon(R) CPU E3-1270 V2 @ 3.50GHz
stepping	: 9
microcode	: 0x16
cpu MHz		: 3501.000
cache size	: 8192 KB
physical id	: 0
siblings	: 8
core id		: 0
cpu cores	: 4
apicid		: 0
initial apicid	: 0
fpu		: yes
fpu_exception	: yes
cpuid level	: 13
wp		: yes
flags		: fpu vme de pse tsc msr pae mce cx8 apic sep mtrr pge mca cmov pat pse36 clflush dts acpi mmx fxsr sse sse2 ss ht tm pbe syscall nx rdtscp lm constant_tsc arch_perfmon pebs bts rep_good nopl xtopology nonstop_tsc aperfmperf pni pclmulqdq dtes64 monitor ds_cpl vmx smx est tm2 ssse3 cx16 xtpr pdcm pcid sse4_1 sse4_2 x2apic popcnt tsc_deadline_timer aes xsave avx f16c rdrand lahf_lm ida arat epb xsaveopt pln pts dtherm tpr_shadow vnmi flexpriority ept vpid fsgsbase smep erms
bogomips	: 6983.85
clflush size	: 64
cache_alignment	: 64
address sizes	: 36 bits physical, 48 bits virtual
power management:

processor	: 1
vendor_id	: GenuineIntel
cpu family	: 6
model		: 58
model name	: Intel(R) Xeon(R) CPU E3-1270 V2 @ 3.50GHz
stepping	: 9
microcode	: 0x16
cpu MHz		: 3501.000
cache size	: 8192 KB
physical id	: 0
siblings	: 8
core id		: 1
cpu cores	: 4
apicid		: 2
initial apicid	: 2
fpu		: yes
fpu_exception	: yes
cpuid level	: 13
wp		: yes
flags		: fpu vme de pse tsc msr pae mce cx8 apic sep mtrr pge mca cmov pat pse36 clflush dts acpi mmx fxsr sse sse2 ss ht tm pbe syscall nx rdtscp lm constant_tsc arch_perfmon pebs bts rep_good nopl xtopology nonstop_tsc aperfmperf pni pclmulqdq dtes64 monitor ds_cpl vmx smx est tm2 ssse3 cx16 xtpr pdcm pcid sse4_1 sse4_2 x2apic popcnt tsc_deadline_timer aes xsave avx f16c rdrand lahf_lm ida arat epb xsaveopt pln pts dtherm tpr_shadow vnmi flexpriority ept vpid fsgsbase smep erms
bogomips	: 6984.08
clflush size	: 64
cache_alignment	: 64
address sizes	: 36 bits physical, 48 bits virtual
power management:

processor	: 2
vendor_id	: GenuineIntel
cpu family	: 6
model		: 58
model name	: Intel(R) Xeon(R) CPU E3-1270 V2 @ 3.50GHz
stepping	: 9
microcode	: 0x16
cpu MHz		: 3501.000
cache size	: 8192 KB
physical id	: 0
siblings	: 8
core id		: 2
cpu cores	: 4
apicid		: 4
initial apicid	: 4
fpu		: yes
fpu_exception	: yes
cpuid level	: 13
wp		: yes
flags		: fpu vme de pse tsc msr pae mce cx8 apic sep mtrr pge mca cmov pat pse36 clflush dts acpi mmx fxsr sse sse2 ss ht tm pbe syscall nx rdtscp lm constant_tsc arch_perfmon pebs bts rep_good nopl xtopology nonstop_tsc aperfmperf pni pclmulqdq dtes64 monitor ds_cpl vmx smx est tm2 ssse3 cx16 xtpr pdcm pcid sse4_1 sse4_2 x2apic popcnt tsc_deadline_timer aes xsave avx f16c rdrand lahf_lm ida arat epb xsaveopt pln pts dtherm tpr_shadow vnmi flexpriority ept vpid fsgsbase smep erms
bogomips	: 6984.09
clflush size	: 64
cache_alignment	: 64
address sizes	: 36 bits physical, 48 bits virtual
power management:

processor	: 3
vendor_id	: GenuineIntel
cpu family	: 6
model		: 58
model name	: Intel(R) Xeon(R) CPU E3-1270 V2 @ 3.50GHz
stepping	: 9
microcode	: 0x16
cpu MHz		: 1600.000
cache size	: 8192 KB
physical id	: 0
siblings	: 8
core id		: 3
cpu cores	: 4
apicid		: 6
initial apicid	: 6
fpu		: yes
fpu_exception	: yes
cpuid level	: 13
wp		: yes
flags		: fpu vme de pse tsc msr pae mce cx8 apic sep mtrr pge mca cmov pat pse36 clflush dts acpi mmx fxsr sse sse2 ss ht tm pbe syscall nx rdtscp lm constant_tsc arch_perfmon pebs bts rep_good nopl xtopology nonstop_tsc aperfmperf pni pclmulqdq dtes64 monitor ds_cpl vmx smx est tm2 ssse3 cx16 xtpr pdcm pcid sse4_1 sse4_2 x2apic popcnt tsc_deadline_timer aes xsave avx f16c rdrand lahf_lm ida arat epb xsaveopt pln pts dtherm tpr_shadow vnmi flexpriority ept vpid fsgsbase smep erms
bogomips	: 6984.08
clflush size	: 64
cache_alignment	: 64
address sizes	: 36 bits physical, 48 bits virtual
power management:

processor	: 4
vendor_id	: GenuineIntel
cpu family	: 6
model		: 58
model name	: Intel(R) Xeon(R) CPU E3-1270 V2 @ 3.50GHz
stepping	: 9
microcode	: 0x16
cpu MHz		: 1600.000
cache size	: 8192 KB
physical id	: 0
siblings	: 8
core id		: 0
cpu cores	: 4
apicid		: 1
initial apicid	: 1
fpu		: yes
fpu_exception	: yes
cpuid level	: 13
wp		: yes
flags		: fpu vme de pse tsc msr pae mce cx8 apic sep mtrr pge mca cmov pat pse36 clflush dts acpi mmx fxsr sse sse2 ss ht tm pbe syscall nx rdtscp lm constant_tsc arch_perfmon pebs bts rep_good nopl xtopology nonstop_tsc aperfmperf pni pclmulqdq dtes64 monitor ds_cpl vmx smx est tm2 ssse3 cx16 xtpr pdcm pcid sse4_1 sse4_2 x2apic popcnt tsc_deadline_timer aes xsave avx f16c rdrand lahf_lm ida arat epb xsaveopt pln pts dtherm tpr_shadow vnmi flexpriority ept vpid fsgsbase smep erms
bogomips	: 6984.08
clflush size	: 64
cache_alignment	: 64
address sizes	: 36 bits physical, 48 bits virtual
power management:

processor	: 5
vendor_id	: GenuineIntel
cpu family	: 6
model		: 58
model name	: Intel(R) Xeon(R) CPU E3-1270 V2 @ 3.50GHz
stepping	: 9
microcode	: 0x16
cpu MHz		: 3501.000
cache size	: 8192 KB
physical id	: 0
siblings	: 8
core id		: 1
cpu cores	: 4
apicid		: 3
initial apicid	: 3
fpu		: yes
fpu_exception	: yes
cpuid level	: 13
wp		: yes
flags		: fpu vme de pse tsc msr pae mce cx8 apic sep mtrr pge mca cmov pat pse36 clflush dts acpi mmx fxsr sse sse2 ss ht tm pbe syscall nx rdtscp lm constant_tsc arch_perfmon pebs bts rep_good nopl xtopology nonstop_tsc aperfmperf pni pclmulqdq dtes64 monitor ds_cpl vmx smx est tm2 ssse3 cx16 xtpr pdcm pcid sse4_1 sse4_2 x2apic popcnt tsc_deadline_timer aes xsave avx f16c rdrand lahf_lm ida arat epb xsaveopt pln pts dtherm tpr_shadow vnmi flexpriority ept vpid fsgsbase smep erms
bogomips	: 6984.09
clflush size	: 64
cache_alignment	: 64
address sizes	: 36 bits physical, 48 bits virtual
power management:

processor	: 6
vendor_id	: GenuineIntel
cpu family	: 6
model		: 58
model name	: Intel(R) Xeon(R) CPU E3-1270 V2 @ 3.50GHz
stepping	: 9
microcode	: 0x16
cpu MHz		: 1600.000
cache size	: 8192 KB
physical id	: 0
siblings	: 8
core id		: 2
cpu cores	: 4
apicid		: 5
initial apicid	: 5
fpu		: yes
fpu_exception	: yes
cpuid level	: 13
wp		: yes
flags		: fpu vme de pse tsc msr pae mce cx8 apic sep mtrr pge mca cmov pat pse36 clflush dts acpi mmx fxsr sse sse2 ss ht tm pbe syscall nx rdtscp lm constant_tsc arch_perfmon pebs bts rep_good nopl xtopology nonstop_tsc aperfmperf pni pclmulqdq dtes64 monitor ds_cpl vmx smx est tm2 ssse3 cx16 xtpr pdcm pcid sse4_1 sse4_2 x2apic popcnt tsc_deadline_timer aes xsave avx f16c rdrand lahf_lm ida arat epb xsaveopt pln pts dtherm tpr_shadow vnmi flexpriority ept vpid fsgsbase smep erms
bogomips	: 6984.09
clflush size	: 64
cache_alignment	: 64
address sizes	: 36 bits physical, 48 bits virtual
power management:

processor	: 7
vendor_id	: GenuineIntel
cpu family	: 6
model		: 58
model name	: Intel(R) Xeon(R) CPU E3-1270 V2 @ 3.50GHz
stepping	: 9
microcode	: 0x16
cpu MHz		: 1600.000
cache size	: 8192 KB
physical id	: 0
siblings	: 8
core id		: 3
cpu cores	: 4
apicid		: 7
initial apicid	: 7
fpu		: yes
fpu_exception	: yes
cpuid level	: 13
wp		: yes
flags		: fpu vme de pse tsc msr pae mce cx8 apic sep mtrr pge mca cmov pat pse36 clflush dts acpi mmx fxsr sse sse2 ss ht tm pbe syscall nx rdtscp lm constant_tsc arch_perfmon pebs bts rep_good nopl xtopology nonstop_tsc aperfmperf pni pclmulqdq dtes64 monitor ds_cpl vmx smx est tm2 ssse3 cx16 xtpr pdcm pcid sse4_1 sse4_2 x2apic popcnt tsc_deadline_timer aes xsave avx f16c rdrand lahf_lm ida arat epb xsaveopt pln pts dtherm tpr_shadow vnmi flexpriority ept vpid fsgsbase smep erms
bogomips	: 6984.08
clflush size	: 64
cache_alignment	: 64
address sizes	: 36 bits physical, 48 bits virtual
power management:



Memory: 4k page, physical 16389216k(10043212k free), swap 33460220k(33460220k free)

vm_info: Java HotSpot(TM) 64-Bit Server VM (24.45-b08) for linux-amd64 JRE (1.7.0_45-b18), built on Oct  8 2013 05:44:25 by "java_re" with gcc 4.3.0 20080428 (Red Hat 4.3.0-8)

time: Sat Nov  2 21:51:06 2013
elapsed time: 0 seconds

